#
# A fatal error has been detected by the Java Runtime Environment:
#
#  EXCEPTION_ACCESS_VIOLATION (0xc0000005) at pc=0x000000006a7c2eb3, pid=14180, tid=8208
#
# JRE version: Java(TM) SE Runtime Environment (9.0+11) (build 9.0.1+11)
# Java VM: Java HotSpot(TM) 64-Bit Server VM (9.0.1+11, mixed mode, tiered, compressed oops, g1 gc, windows-amd64)
# Problematic frame:
# V  [jvm.dll+0x2f2eb3]
#
# No core dump will be written. Minidumps are not enabled by default on client versions of Windows
#
# If you would like to submit a bug report, please visit:
#   http://bugreport.java.com/bugreport/crash.jsp
#

---------------  S U M M A R Y ------------

Command Line: -agentlib:jdwp=transport=dt_socket,suspend=y,address=localhost:3258 -Dfile.encoding=MS949 Main

Host: Intel(R) Core(TM) i7-6500U CPU @ 2.50GHz, 4 cores, 7G,  Windows 10 , 64 bit Build 17134 (10.0.17134.648)
Time: Mon Mar 18 13:49:45 2019 ¢•eCN©ˆI°æ©ˆ C°ÕA®™®ˆA elapsed time: 369 seconds (0d 0h 6m 9s)

---------------  T H R E A D  ---------------

Current thread (0x0000023d7b15a800):  VMThread "VM Thread" [stack: 0x000000f56e300000,0x000000f56e400000] [id=8208]

Stack: [0x000000f56e300000,0x000000f56e400000],  sp=0x000000f56e3fead0,  free space=1018k
Native frames: (J=compiled Java code, j=interpreted, Vv=VM code, C=native code)
V  [jvm.dll+0x2f2eb3]
V  [jvm.dll+0x2f6910]
V  [jvm.dll+0x2f6ce2]
V  [jvm.dll+0x2f3165]
V  [jvm.dll+0x57845f]
V  [jvm.dll+0x57876c]
V  [jvm.dll+0x578613]
V  [jvm.dll+0x578e0c]
V  [jvm.dll+0x546f8a]
V  [jvm.dll+0x465261]
V  [jvm.dll+0x6a34eb]
V  [jvm.dll+0x6a1c85]
V  [jvm.dll+0x6a2461]
V  [jvm.dll+0x6a274c]
V  [jvm.dll+0x5864e0]
C  [msvcr120.dll+0x24f7f]
C  [msvcr120.dll+0x25126]
C  [KERNEL32.DLL+0x13dc4]
C  [ntdll.dll+0x73691]


siginfo: EXCEPTION_ACCESS_VIOLATION (0xc0000005), reading address 0xffffffffffffffff


Register to memory mapping:

RIP=0x000000006a7c2eb3 jvm.dll
RAX=0x0000023d7b0f54a0 is an unknown value
RBX=0x000000f56e3fed10 is an unknown value
RCX=0x000000f56e3fed80 is an unknown value
RDX=0xffffffffffffca94 is an unknown value
RSP=0x000000f56e3fead0 is an unknown value
RBP=0x000000f56e3feb40 is an unknown value
RSI=0x0000023d7b0f53f0 is an unknown value
RDI=0x00000000000000a7 is an unknown value
R8 =0x03ffffffffffff2a is an unknown value
R9 =0x0000000000000014 is an unknown value
R10=0x0000000000000000 is an unknown value
R11=0x0000000100060028 is pointing into metadata
R12=0x0000000000000000 is an unknown value
R13=0x000000000000004a is an unknown value
R14=0x0000000000000000 is an unknown value
R15=0x000000006a7c2e90 jvm.dll


Registers:
RAX=0x0000023d7b0f54a0, RBX=0x000000f56e3fed10, RCX=0x000000f56e3fed80, RDX=0xffffffffffffca94
RSP=0x000000f56e3fead0, RBP=0x000000f56e3feb40, RSI=0x0000023d7b0f53f0, RDI=0x00000000000000a7
R8 =0x03ffffffffffff2a, R9 =0x0000000000000014, R10=0x0000000000000000, R11=0x0000000100060028
R12=0x0000000000000000, R13=0x000000000000004a, R14=0x0000000000000000, R15=0x000000006a7c2e90
RIP=0x000000006a7c2eb3, EFLAGS=0x0000000000010a02

Top of Stack: (sp=0x000000f56e3fead0)
0x000000f56e3fead0:   0000023d7b4b7570 0000000018000018
0x000000f56e3feae0:   0000000100000022 0000000000000000
0x000000f56e3feaf0:   000000f56e3fed10 000000006a7c6910
0x000000f56e3feb00:   0000000000004aca 000000f56e3fed10
0x000000f56e3feb10:   0000023d57bcf510 000000006a5d1dfe
0x000000f56e3feb20:   0000000000000000 000000006ac8cba9
0x000000f56e3feb30:   0000000000000000 000000006a5c308b
0x000000f56e3feb40:   0000023d7b0f57d8 0000000000000001
0x000000f56e3feb50:   00000000000003d8 00000000000000a7
0x000000f56e3feb60:   000000000000004a 000000006a7c6ce2
0x000000f56e3feb70:   000000f56e3fed10 0000000000000001
0x000000f56e3feb80:   0000023d7b0f53f0 0000023d7b0f53f0
0x000000f56e3feb90:   0000023d7ac80708 0000023d7b15a800
0x000000f56e3feba0:   0000004d0000004a 000000a7000000a8
0x000000f56e3febb0:   000000a800000000 ffffffff000000a7
0x000000f56e3febc0:   0000023d7b0f57d8 0000000000000000 

Instructions: (pc=0x000000006a7c2eb3)
0x000000006a7c2e93:   83 ec 20 48 63 d2 48 8b d9 48 83 c1 70 0f b6 c2
0x000000006a7c2ea3:   4c 8b c2 24 3f 49 c1 e8 06 44 0f b6 c8 48 8b 01
0x000000006a7c2eb3:   4e 8b 04 c0 4d 0f a3 c8 72 0b 41 b0 01 e8 7b f6
0x000000006a7c2ec3:   df ff ff 43 6c 48 83 c4 20 5b c3 cc cc 48 83 ec 


VM_Operation (0x000000f56edff880): GetOrSetLocal, mode: safepoint, requested by thread 0x0000023d7b4cc800


---------------  P R O C E S S  ---------------

Java Threads: ( => current thread )
  0x0000023d7b4e4000 JavaThread "Service Thread" daemon [_thread_blocked, id=15252, stack(0x000000f56f000000,0x000000f56f100000)]
  0x0000023d7b4e3000 JavaThread "JDWP Command Reader" daemon [_thread_in_native, id=2268, stack(0x000000f56ef00000,0x000000f56f000000)]
  0x0000023d7b4d0800 JavaThread "JDWP Event Helper Thread" daemon [_thread_blocked, id=228, stack(0x000000f56ee00000,0x000000f56ef00000)]
  0x0000023d7b4cc800 JavaThread "JDWP Transport Listener: dt_socket" daemon [_thread_blocked, id=1720, stack(0x000000f56ed00000,0x000000f56ee00000)]
  0x0000023d7b330800 JavaThread "Common-Cleaner" daemon [_thread_blocked, id=1460, stack(0x000000f56ec00000,0x000000f56ed00000)]
  0x0000023d7b24f800 JavaThread "Sweeper thread" daemon [_thread_blocked, id=10504, stack(0x000000f56eb00000,0x000000f56ec00000)]
  0x0000023d7b1ff800 JavaThread "C1 CompilerThread2" daemon [_thread_blocked, id=14016, stack(0x000000f56ea00000,0x000000f56eb00000)]
  0x0000023d7b1d7800 JavaThread "C2 CompilerThread1" daemon [_thread_blocked, id=14048, stack(0x000000f56e900000,0x000000f56ea00000)]
  0x0000023d7b1d1800 JavaThread "C2 CompilerThread0" daemon [_thread_blocked, id=14208, stack(0x000000f56e800000,0x000000f56e900000)]
  0x0000023d7b16b800 JavaThread "Attach Listener" daemon [_thread_blocked, id=13008, stack(0x000000f56e700000,0x000000f56e800000)]
  0x0000023d7b16a800 JavaThread "Signal Dispatcher" daemon [_thread_blocked, id=11300, stack(0x000000f56e600000,0x000000f56e700000)]
  0x0000023d7b172000 JavaThread "Finalizer" daemon [_thread_blocked, id=2540, stack(0x000000f56e500000,0x000000f56e600000)]
  0x0000023d7b170800 JavaThread "Reference Handler" daemon [_thread_blocked, id=17000, stack(0x000000f56e400000,0x000000f56e500000)]
  0x0000023d57b32800 JavaThread "main" [_thread_blocked, id=1448, stack(0x000000f56d700000,0x000000f56d800000)]

Other Threads:
=>0x0000023d7b15a800 VMThread "VM Thread" [stack: 0x000000f56e300000,0x000000f56e400000] [id=8208]
  0x0000023d7b4e9800 WatcherThread [stack: 0x000000f56f100000,0x000000f56f200000] [id=2660]
  0x0000023d57b49000 GCTaskThread "GC Thread#0" [stack: 0x000000f56d800000,0x000000f56d900000] [id=5240]
  0x0000023d57b4a000 GCTaskThread "GC Thread#1" [stack: 0x000000f56d900000,0x000000f56da00000] [id=1040]
  0x0000023d57b4c800 GCTaskThread "GC Thread#2" [stack: 0x000000f56da00000,0x000000f56db00000] [id=14816]
  0x0000023d57b4e000 GCTaskThread "GC Thread#3" [stack: 0x000000f56db00000,0x000000f56dc00000] [id=644]
  0x0000023d57bc6800 ConcurrentGCThread "G1 Main Marker" [stack: 0x000000f56e100000,0x000000f56e200000] [id=1776]
  0x0000023d57bca800 ConcurrentGCThread "G1 Marker#0" [stack: 0x000000f56e200000,0x000000f56e300000] [id=2392]
  0x0000023d57b58800 ConcurrentGCThread "G1 Refine#0" [stack: 0x000000f56df00000,0x000000f56e000000] [id=3948]
  0x0000023d57b57000 ConcurrentGCThread "G1 Refine#1" [stack: 0x000000f56de00000,0x000000f56df00000] [id=13736]
  0x0000023d57b54800 ConcurrentGCThread "G1 Refine#2" [stack: 0x000000f56dd00000,0x000000f56de00000] [id=432]
  0x0000023d57b51800 ConcurrentGCThread "G1 Refine#3" [stack: 0x000000f56dc00000,0x000000f56dd00000] [id=16996]
  0x0000023d57b5c000 ConcurrentGCThread "G1 Young RemSet Sampling" [stack: 0x000000f56e000000,0x000000f56e100000] [id=13748]

Threads with active compile tasks:

VM state:at safepoint (normal execution)

VM Mutex/Monitor currently owned by a thread:  ([mutex/lock_event])
[0x0000023d57b31c00] Threads_lock - owner thread: 0x0000023d7b15a800

Heap address: 0x0000000081400000, size: 2028 MB, Compressed Oops mode: 32-bit
Narrow klass base: 0x0000000000000000, Narrow klass shift: 3
Compressed class space size: 1073741824 Address: 0x0000000100000000

Heap:
 garbage-first heap   total 131072K, used 2048K [0x0000000081400000, 0x0000000081500400, 0x0000000100000000)
  region size 1024K, 3 young (3072K), 0 survivors (0K)
 Metaspace       used 4317K, capacity 4562K, committed 4864K, reserved 1056768K
  class space    used 383K, capacity 386K, committed 512K, reserved 1048576K
Heap Regions: E=young(eden), S=young(survivor), O=old, HS=humongous(starts), HC=humongous(continues), CS=collection set, F=free, A=archive, TS=gc time stamp, AC=allocation context, TAMS=top-at-mark-start (previous, next)
|   0|0x0000000081400000, 0x0000000081400000, 0x0000000081500000|  0%| F|  |TS  0|AC  0|TAMS 0x0000000081400000, 0x0000000081400000|
|   1|0x0000000081500000, 0x0000000081500000, 0x0000000081600000|  0%| F|  |TS  0|AC  0|TAMS 0x0000000081500000, 0x0000000081500000|
|   2|0x0000000081600000, 0x0000000081600000, 0x0000000081700000|  0%| F|  |TS  0|AC  0|TAMS 0x0000000081600000, 0x0000000081600000|
|   3|0x0000000081700000, 0x0000000081700000, 0x0000000081800000|  0%| F|  |TS  0|AC  0|TAMS 0x0000000081700000, 0x0000000081700000|
|   4|0x0000000081800000, 0x0000000081800000, 0x0000000081900000|  0%| F|  |TS  0|AC  0|TAMS 0x0000000081800000, 0x0000000081800000|
|   5|0x0000000081900000, 0x0000000081900000, 0x0000000081a00000|  0%| F|  |TS  0|AC  0|TAMS 0x0000000081900000, 0x0000000081900000|
|   6|0x0000000081a00000, 0x0000000081a00000, 0x0000000081b00000|  0%| F|  |TS  0|AC  0|TAMS 0x0000000081a00000, 0x0000000081a00000|
|   7|0x0000000081b00000, 0x0000000081b00000, 0x0000000081c00000|  0%| F|  |TS  0|AC  0|TAMS 0x0000000081b00000, 0x0000000081b00000|
|   8|0x0000000081c00000, 0x0000000081c00000, 0x0000000081d00000|  0%| F|  |TS  0|AC  0|TAMS 0x0000000081c00000, 0x0000000081c00000|
|   9|0x0000000081d00000, 0x0000000081d00000, 0x0000000081e00000|  0%| F|  |TS  0|AC  0|TAMS 0x0000000081d00000, 0x0000000081d00000|
|  10|0x0000000081e00000, 0x0000000081e00000, 0x0000000081f00000|  0%| F|  |TS  0|AC  0|TAMS 0x0000000081e00000, 0x0000000081e00000|
|  11|0x0000000081f00000, 0x0000000081f00000, 0x0000000082000000|  0%| F|  |TS  0|AC  0|TAMS 0x0000000081f00000, 0x0000000081f00000|
|  12|0x0000000082000000, 0x0000000082000000, 0x0000000082100000|  0%| F|  |TS  0|AC  0|TAMS 0x0000000082000000, 0x0000000082000000|
|  13|0x0000000082100000, 0x0000000082100000, 0x0000000082200000|  0%| F|  |TS  0|AC  0|TAMS 0x0000000082100000, 0x0000000082100000|
|  14|0x0000000082200000, 0x0000000082200000, 0x0000000082300000|  0%| F|  |TS  0|AC  0|TAMS 0x0000000082200000, 0x0000000082200000|
|  15|0x0000000082300000, 0x0000000082300000, 0x0000000082400000|  0%| F|  |TS  0|AC  0|TAMS 0x0000000082300000, 0x0000000082300000|
|  16|0x0000000082400000, 0x0000000082400000, 0x0000000082500000|  0%| F|  |TS  0|AC  0|TAMS 0x0000000082400000, 0x0000000082400000|
|  17|0x0000000082500000, 0x0000000082500000, 0x0000000082600000|  0%| F|  |TS  0|AC  0|TAMS 0x0000000082500000, 0x0000000082500000|
|  18|0x0000000082600000, 0x0000000082600000, 0x0000000082700000|  0%| F|  |TS  0|AC  0|TAMS 0x0000000082600000, 0x0000000082600000|
|  19|0x0000000082700000, 0x0000000082700000, 0x0000000082800000|  0%| F|  |TS  0|AC  0|TAMS 0x0000000082700000, 0x0000000082700000|
|  20|0x0000000082800000, 0x0000000082800000, 0x0000000082900000|  0%| F|  |TS  0|AC  0|TAMS 0x0000000082800000, 0x0000000082800000|
|  21|0x0000000082900000, 0x0000000082900000, 0x0000000082a00000|  0%| F|  |TS  0|AC  0|TAMS 0x0000000082900000, 0x0000000082900000|
|  22|0x0000000082a00000, 0x0000000082a00000, 0x0000000082b00000|  0%| F|  |TS  0|AC  0|TAMS 0x0000000082a00000, 0x0000000082a00000|
|  23|0x0000000082b00000, 0x0000000082b00000, 0x0000000082c00000|  0%| F|  |TS  0|AC  0|TAMS 0x0000000082b00000, 0x0000000082b00000|
|  24|0x0000000082c00000, 0x0000000082c00000, 0x0000000082d00000|  0%| F|  |TS  0|AC  0|TAMS 0x0000000082c00000, 0x0000000082c00000|
|  25|0x0000000082d00000, 0x0000000082d00000, 0x0000000082e00000|  0%| F|  |TS  0|AC  0|TAMS 0x0000000082d00000, 0x0000000082d00000|
|  26|0x0000000082e00000, 0x0000000082e00000, 0x0000000082f00000|  0%| F|  |TS  0|AC  0|TAMS 0x0000000082e00000, 0x0000000082e00000|
|  27|0x0000000082f00000, 0x0000000082f00000, 0x0000000083000000|  0%| F|  |TS  0|AC  0|TAMS 0x0000000082f00000, 0x0000000082f00000|
|  28|0x0000000083000000, 0x0000000083000000, 0x0000000083100000|  0%| F|  |TS  0|AC  0|TAMS 0x0000000083000000, 0x0000000083000000|
|  29|0x0000000083100000, 0x0000000083100000, 0x0000000083200000|  0%| F|  |TS  0|AC  0|TAMS 0x0000000083100000, 0x0000000083100000|
|  30|0x0000000083200000, 0x0000000083200000, 0x0000000083300000|  0%| F|  |TS  0|AC  0|TAMS 0x0000000083200000, 0x0000000083200000|
|  31|0x0000000083300000, 0x0000000083300000, 0x0000000083400000|  0%| F|  |TS  0|AC  0|TAMS 0x0000000083300000, 0x0000000083300000|
|  32|0x0000000083400000, 0x0000000083400000, 0x0000000083500000|  0%| F|  |TS  0|AC  0|TAMS 0x0000000083400000, 0x0000000083400000|
|  33|0x0000000083500000, 0x0000000083500000, 0x0000000083600000|  0%| F|  |TS  0|AC  0|TAMS 0x0000000083500000, 0x0000000083500000|
|  34|0x0000000083600000, 0x0000000083600000, 0x0000000083700000|  0%| F|  |TS  0|AC  0|TAMS 0x0000000083600000, 0x0000000083600000|
|  35|0x0000000083700000, 0x0000000083700000, 0x0000000083800000|  0%| F|  |TS  0|AC  0|TAMS 0x0000000083700000, 0x0000000083700000|
|  36|0x0000000083800000, 0x0000000083800000, 0x0000000083900000|  0%| F|  |TS  0|AC  0|TAMS 0x0000000083800000, 0x0000000083800000|
|  37|0x0000000083900000, 0x0000000083900000, 0x0000000083a00000|  0%| F|  |TS  0|AC  0|TAMS 0x0000000083900000, 0x0000000083900000|
|  38|0x0000000083a00000, 0x0000000083a00000, 0x0000000083b00000|  0%| F|  |TS  0|AC  0|TAMS 0x0000000083a00000, 0x0000000083a00000|
|  39|0x0000000083b00000, 0x0000000083b00000, 0x0000000083c00000|  0%| F|  |TS  0|AC  0|TAMS 0x0000000083b00000, 0x0000000083b00000|
|  40|0x0000000083c00000, 0x0000000083c00000, 0x0000000083d00000|  0%| F|  |TS  0|AC  0|TAMS 0x0000000083c00000, 0x0000000083c00000|
|  41|0x0000000083d00000, 0x0000000083d00000, 0x0000000083e00000|  0%| F|  |TS  0|AC  0|TAMS 0x0000000083d00000, 0x0000000083d00000|
|  42|0x0000000083e00000, 0x0000000083e00000, 0x0000000083f00000|  0%| F|  |TS  0|AC  0|TAMS 0x0000000083e00000, 0x0000000083e00000|
|  43|0x0000000083f00000, 0x0000000083f00000, 0x0000000084000000|  0%| F|  |TS  0|AC  0|TAMS 0x0000000083f00000, 0x0000000083f00000|
|  44|0x0000000084000000, 0x0000000084000000, 0x0000000084100000|  0%| F|  |TS  0|AC  0|TAMS 0x0000000084000000, 0x0000000084000000|
|  45|0x0000000084100000, 0x0000000084100000, 0x0000000084200000|  0%| F|  |TS  0|AC  0|TAMS 0x0000000084100000, 0x0000000084100000|
|  46|0x0000000084200000, 0x0000000084200000, 0x0000000084300000|  0%| F|  |TS  0|AC  0|TAMS 0x0000000084200000, 0x0000000084200000|
|  47|0x0000000084300000, 0x0000000084300000, 0x0000000084400000|  0%| F|  |TS  0|AC  0|TAMS 0x0000000084300000, 0x0000000084300000|
|  48|0x0000000084400000, 0x0000000084400000, 0x0000000084500000|  0%| F|  |TS  0|AC  0|TAMS 0x0000000084400000, 0x0000000084400000|
|  49|0x0000000084500000, 0x0000000084500000, 0x0000000084600000|  0%| F|  |TS  0|AC  0|TAMS 0x0000000084500000, 0x0000000084500000|
|  50|0x0000000084600000, 0x0000000084600000, 0x0000000084700000|  0%| F|  |TS  0|AC  0|TAMS 0x0000000084600000, 0x0000000084600000|
|  51|0x0000000084700000, 0x0000000084700000, 0x0000000084800000|  0%| F|  |TS  0|AC  0|TAMS 0x0000000084700000, 0x0000000084700000|
|  52|0x0000000084800000, 0x0000000084800000, 0x0000000084900000|  0%| F|  |TS  0|AC  0|TAMS 0x0000000084800000, 0x0000000084800000|
|  53|0x0000000084900000, 0x0000000084900000, 0x0000000084a00000|  0%| F|  |TS  0|AC  0|TAMS 0x0000000084900000, 0x0000000084900000|
|  54|0x0000000084a00000, 0x0000000084a00000, 0x0000000084b00000|  0%| F|  |TS  0|AC  0|TAMS 0x0000000084a00000, 0x0000000084a00000|
|  55|0x0000000084b00000, 0x0000000084b00000, 0x0000000084c00000|  0%| F|  |TS  0|AC  0|TAMS 0x0000000084b00000, 0x0000000084b00000|
|  56|0x0000000084c00000, 0x0000000084c00000, 0x0000000084d00000|  0%| F|  |TS  0|AC  0|TAMS 0x0000000084c00000, 0x0000000084c00000|
|  57|0x0000000084d00000, 0x0000000084d00000, 0x0000000084e00000|  0%| F|  |TS  0|AC  0|TAMS 0x0000000084d00000, 0x0000000084d00000|
|  58|0x0000000084e00000, 0x0000000084e00000, 0x0000000084f00000|  0%| F|  |TS  0|AC  0|TAMS 0x0000000084e00000, 0x0000000084e00000|
|  59|0x0000000084f00000, 0x0000000084f00000, 0x0000000085000000|  0%| F|  |TS  0|AC  0|TAMS 0x0000000084f00000, 0x0000000084f00000|
|  60|0x0000000085000000, 0x0000000085000000, 0x0000000085100000|  0%| F|  |TS  0|AC  0|TAMS 0x0000000085000000, 0x0000000085000000|
|  61|0x0000000085100000, 0x0000000085100000, 0x0000000085200000|  0%| F|  |TS  0|AC  0|TAMS 0x0000000085100000, 0x0000000085100000|
|  62|0x0000000085200000, 0x0000000085200000, 0x0000000085300000|  0%| F|  |TS  0|AC  0|TAMS 0x0000000085200000, 0x0000000085200000|
|  63|0x0000000085300000, 0x0000000085300000, 0x0000000085400000|  0%| F|  |TS  0|AC  0|TAMS 0x0000000085300000, 0x0000000085300000|
|  64|0x0000000085400000, 0x0000000085400000, 0x0000000085500000|  0%| F|  |TS  0|AC  0|TAMS 0x0000000085400000, 0x0000000085400000|
|  65|0x0000000085500000, 0x0000000085500000, 0x0000000085600000|  0%| F|  |TS  0|AC  0|TAMS 0x0000000085500000, 0x0000000085500000|
|  66|0x0000000085600000, 0x0000000085600000, 0x0000000085700000|  0%| F|  |TS  0|AC  0|TAMS 0x0000000085600000, 0x0000000085600000|
|  67|0x0000000085700000, 0x0000000085700000, 0x0000000085800000|  0%| F|  |TS  0|AC  0|TAMS 0x0000000085700000, 0x0000000085700000|
|  68|0x0000000085800000, 0x0000000085800000, 0x0000000085900000|  0%| F|  |TS  0|AC  0|TAMS 0x0000000085800000, 0x0000000085800000|
|  69|0x0000000085900000, 0x0000000085900000, 0x0000000085a00000|  0%| F|  |TS  0|AC  0|TAMS 0x0000000085900000, 0x0000000085900000|
|  70|0x0000000085a00000, 0x0000000085a00000, 0x0000000085b00000|  0%| F|  |TS  0|AC  0|TAMS 0x0000000085a00000, 0x0000000085a00000|
|  71|0x0000000085b00000, 0x0000000085b00000, 0x0000000085c00000|  0%| F|  |TS  0|AC  0|TAMS 0x0000000085b00000, 0x0000000085b00000|
|  72|0x0000000085c00000, 0x0000000085c00000, 0x0000000085d00000|  0%| F|  |TS  0|AC  0|TAMS 0x0000000085c00000, 0x0000000085c00000|
|  73|0x0000000085d00000, 0x0000000085d00000, 0x0000000085e00000|  0%| F|  |TS  0|AC  0|TAMS 0x0000000085d00000, 0x0000000085d00000|
|  74|0x0000000085e00000, 0x0000000085e00000, 0x0000000085f00000|  0%| F|  |TS  0|AC  0|TAMS 0x0000000085e00000, 0x0000000085e00000|
|  75|0x0000000085f00000, 0x0000000085f00000, 0x0000000086000000|  0%| F|  |TS  0|AC  0|TAMS 0x0000000085f00000, 0x0000000085f00000|
|  76|0x0000000086000000, 0x0000000086000000, 0x0000000086100000|  0%| F|  |TS  0|AC  0|TAMS 0x0000000086000000, 0x0000000086000000|
|  77|0x0000000086100000, 0x0000000086100000, 0x0000000086200000|  0%| F|  |TS  0|AC  0|TAMS 0x0000000086100000, 0x0000000086100000|
|  78|0x0000000086200000, 0x0000000086200000, 0x0000000086300000|  0%| F|  |TS  0|AC  0|TAMS 0x0000000086200000, 0x0000000086200000|
|  79|0x0000000086300000, 0x0000000086300000, 0x0000000086400000|  0%| F|  |TS  0|AC  0|TAMS 0x0000000086300000, 0x0000000086300000|
|  80|0x0000000086400000, 0x0000000086400000, 0x0000000086500000|  0%| F|  |TS  0|AC  0|TAMS 0x0000000086400000, 0x0000000086400000|
|  81|0x0000000086500000, 0x0000000086500000, 0x0000000086600000|  0%| F|  |TS  0|AC  0|TAMS 0x0000000086500000, 0x0000000086500000|
|  82|0x0000000086600000, 0x0000000086600000, 0x0000000086700000|  0%| F|  |TS  0|AC  0|TAMS 0x0000000086600000, 0x0000000086600000|
|  83|0x0000000086700000, 0x0000000086700000, 0x0000000086800000|  0%| F|  |TS  0|AC  0|TAMS 0x0000000086700000, 0x0000000086700000|
|  84|0x0000000086800000, 0x0000000086800000, 0x0000000086900000|  0%| F|  |TS  0|AC  0|TAMS 0x0000000086800000, 0x0000000086800000|
|  85|0x0000000086900000, 0x0000000086900000, 0x0000000086a00000|  0%| F|  |TS  0|AC  0|TAMS 0x0000000086900000, 0x0000000086900000|
|  86|0x0000000086a00000, 0x0000000086a00000, 0x0000000086b00000|  0%| F|  |TS  0|AC  0|TAMS 0x0000000086a00000, 0x0000000086a00000|
|  87|0x0000000086b00000, 0x0000000086b00000, 0x0000000086c00000|  0%| F|  |TS  0|AC  0|TAMS 0x0000000086b00000, 0x0000000086b00000|
|  88|0x0000000086c00000, 0x0000000086c00000, 0x0000000086d00000|  0%| F|  |TS  0|AC  0|TAMS 0x0000000086c00000, 0x0000000086c00000|
|  89|0x0000000086d00000, 0x0000000086d00000, 0x0000000086e00000|  0%| F|  |TS  0|AC  0|TAMS 0x0000000086d00000, 0x0000000086d00000|
|  90|0x0000000086e00000, 0x0000000086e00000, 0x0000000086f00000|  0%| F|  |TS  0|AC  0|TAMS 0x0000000086e00000, 0x0000000086e00000|
|  91|0x0000000086f00000, 0x0000000086f00000, 0x0000000087000000|  0%| F|  |TS  0|AC  0|TAMS 0x0000000086f00000, 0x0000000086f00000|
|  92|0x0000000087000000, 0x0000000087000000, 0x0000000087100000|  0%| F|  |TS  0|AC  0|TAMS 0x0000000087000000, 0x0000000087000000|
|  93|0x0000000087100000, 0x0000000087100000, 0x0000000087200000|  0%| F|  |TS  0|AC  0|TAMS 0x0000000087100000, 0x0000000087100000|
|  94|0x0000000087200000, 0x0000000087200000, 0x0000000087300000|  0%| F|  |TS  0|AC  0|TAMS 0x0000000087200000, 0x0000000087200000|
|  95|0x0000000087300000, 0x0000000087300000, 0x0000000087400000|  0%| F|  |TS  0|AC  0|TAMS 0x0000000087300000, 0x0000000087300000|
|  96|0x0000000087400000, 0x0000000087400000, 0x0000000087500000|  0%| F|  |TS  0|AC  0|TAMS 0x0000000087400000, 0x0000000087400000|
|  97|0x0000000087500000, 0x0000000087500000, 0x0000000087600000|  0%| F|  |TS  0|AC  0|TAMS 0x0000000087500000, 0x0000000087500000|
|  98|0x0000000087600000, 0x0000000087600000, 0x0000000087700000|  0%| F|  |TS  0|AC  0|TAMS 0x0000000087600000, 0x0000000087600000|
|  99|0x0000000087700000, 0x0000000087700000, 0x0000000087800000|  0%| F|  |TS  0|AC  0|TAMS 0x0000000087700000, 0x0000000087700000|
| 100|0x0000000087800000, 0x0000000087800000, 0x0000000087900000|  0%| F|  |TS  0|AC  0|TAMS 0x0000000087800000, 0x0000000087800000|
| 101|0x0000000087900000, 0x0000000087900000, 0x0000000087a00000|  0%| F|  |TS  0|AC  0|TAMS 0x0000000087900000, 0x0000000087900000|
| 102|0x0000000087a00000, 0x0000000087a00000, 0x0000000087b00000|  0%| F|  |TS  0|AC  0|TAMS 0x0000000087a00000, 0x0000000087a00000|
| 103|0x0000000087b00000, 0x0000000087b00000, 0x0000000087c00000|  0%| F|  |TS  0|AC  0|TAMS 0x0000000087b00000, 0x0000000087b00000|
| 104|0x0000000087c00000, 0x0000000087c00000, 0x0000000087d00000|  0%| F|  |TS  0|AC  0|TAMS 0x0000000087c00000, 0x0000000087c00000|
| 105|0x0000000087d00000, 0x0000000087d00000, 0x0000000087e00000|  0%| F|  |TS  0|AC  0|TAMS 0x0000000087d00000, 0x0000000087d00000|
| 106|0x0000000087e00000, 0x0000000087e00000, 0x0000000087f00000|  0%| F|  |TS  0|AC  0|TAMS 0x0000000087e00000, 0x0000000087e00000|
| 107|0x0000000087f00000, 0x0000000087f00000, 0x0000000088000000|  0%| F|  |TS  0|AC  0|TAMS 0x0000000087f00000, 0x0000000087f00000|
| 108|0x0000000088000000, 0x0000000088000000, 0x0000000088100000|  0%| F|  |TS  0|AC  0|TAMS 0x0000000088000000, 0x0000000088000000|
| 109|0x0000000088100000, 0x0000000088100000, 0x0000000088200000|  0%| F|  |TS  0|AC  0|TAMS 0x0000000088100000, 0x0000000088100000|
| 110|0x0000000088200000, 0x0000000088200000, 0x0000000088300000|  0%| F|  |TS  0|AC  0|TAMS 0x0000000088200000, 0x0000000088200000|
| 111|0x0000000088300000, 0x0000000088300000, 0x0000000088400000|  0%| F|  |TS  0|AC  0|TAMS 0x0000000088300000, 0x0000000088300000|
| 112|0x0000000088400000, 0x0000000088400000, 0x0000000088500000|  0%| F|  |TS  0|AC  0|TAMS 0x0000000088400000, 0x0000000088400000|
| 113|0x0000000088500000, 0x0000000088500000, 0x0000000088600000|  0%| F|  |TS  0|AC  0|TAMS 0x0000000088500000, 0x0000000088500000|
| 114|0x0000000088600000, 0x0000000088600000, 0x0000000088700000|  0%| F|  |TS  0|AC  0|TAMS 0x0000000088600000, 0x0000000088600000|
| 115|0x0000000088700000, 0x0000000088700000, 0x0000000088800000|  0%| F|  |TS  0|AC  0|TAMS 0x0000000088700000, 0x0000000088700000|
| 116|0x0000000088800000, 0x0000000088800000, 0x0000000088900000|  0%| F|  |TS  0|AC  0|TAMS 0x0000000088800000, 0x0000000088800000|
| 117|0x0000000088900000, 0x0000000088900000, 0x0000000088a00000|  0%| F|  |TS  0|AC  0|TAMS 0x0000000088900000, 0x0000000088900000|
| 118|0x0000000088a00000, 0x0000000088a00000, 0x0000000088b00000|  0%| F|  |TS  0|AC  0|TAMS 0x0000000088a00000, 0x0000000088a00000|
| 119|0x0000000088b00000, 0x0000000088b00000, 0x0000000088c00000|  0%| F|  |TS  0|AC  0|TAMS 0x0000000088b00000, 0x0000000088b00000|
| 120|0x0000000088c00000, 0x0000000088c00000, 0x0000000088d00000|  0%| F|  |TS  0|AC  0|TAMS 0x0000000088c00000, 0x0000000088c00000|
| 121|0x0000000088d00000, 0x0000000088d00000, 0x0000000088e00000|  0%| F|  |TS  0|AC  0|TAMS 0x0000000088d00000, 0x0000000088d00000|
| 122|0x0000000088e00000, 0x0000000088e00000, 0x0000000088f00000|  0%| F|  |TS  0|AC  0|TAMS 0x0000000088e00000, 0x0000000088e00000|
| 123|0x0000000088f00000, 0x0000000088f00000, 0x0000000089000000|  0%| F|  |TS  0|AC  0|TAMS 0x0000000088f00000, 0x0000000088f00000|
| 124|0x0000000089000000, 0x0000000089000000, 0x0000000089100000|  0%| F|  |TS  0|AC  0|TAMS 0x0000000089000000, 0x0000000089000000|
| 125|0x0000000089100000, 0x00000000891492f0, 0x0000000089200000| 28%| E|  |TS  0|AC  0|TAMS 0x0000000089100000, 0x0000000089100000|
| 126|0x0000000089200000, 0x0000000089300000, 0x0000000089300000|100%| E|CS|TS  0|AC  0|TAMS 0x0000000089200000, 0x0000000089200000|
| 127|0x0000000089300000, 0x0000000089400000, 0x0000000089400000|100%| E|CS|TS  0|AC  0|TAMS 0x0000000089300000, 0x0000000089300000|

Card table byte_map: [0x0000023d73be0000,0x0000023d73fe0000] byte_map_base: 0x0000023d737d6000

Marking Bits (Prev, Next): (CMBitMap*) 0x0000023d57bc5870, (CMBitMap*) 0x0000023d57bc58a8
 Prev Bits: [0x0000023d743e0000, 0x0000023d76390000)
 Next Bits: [0x0000023d76390000, 0x0000023d78340000)

Polling page: 0x0000023d57aa0000

CodeHeap 'non-profiled nmethods': size=120064Kb used=44Kb max_used=44Kb free=120019Kb
 bounds [0x0000023d6b880000, 0x0000023d6baf0000, 0x0000023d72dc0000]
CodeHeap 'profiled nmethods': size=120000Kb used=225Kb max_used=225Kb free=119774Kb
 bounds [0x0000023d64350000, 0x0000023d645c0000, 0x0000023d6b880000]
CodeHeap 'non-nmethods': size=5696Kb used=1147Kb max_used=1154Kb free=4548Kb
 bounds [0x0000023d63dc0000, 0x0000023d64030000, 0x0000023d64350000]
 total_blobs=486 nmethods=164 adapters=179
 compilation: enabled

Compilation events (10 events):
Event: 0.362 Thread 0x0000023d7b1ff800  160       3       java.lang.String::indexOf (7 bytes)
Event: 0.363 Thread 0x0000023d7b1ff800 nmethod 160 0x0000023d64386910 code [0x0000023d64386ae0, 0x0000023d64386ec0]
Event: 0.363 Thread 0x0000023d7b1ff800  161       3       java.lang.StringUTF16::compress (59 bytes)
Event: 0.363 Thread 0x0000023d7b1ff800 nmethod 161 0x0000023d64387010 code [0x0000023d643871e0, 0x0000023d64387590]
Event: 0.363 Thread 0x0000023d7b1ff800  162       3       sun.nio.fs.WindowsPathParser::isSlash (18 bytes)
Event: 0.363 Thread 0x0000023d7b1ff800 nmethod 162 0x0000023d64387790 code [0x0000023d64387940, 0x0000023d64387b18]
Event: 0.373 Thread 0x0000023d7b1ff800  163       3       java.lang.System::getSecurityManager (4 bytes)
Event: 0.373 Thread 0x0000023d7b1ff800 nmethod 163 0x0000023d64387b90 code [0x0000023d64387d40, 0x0000023d64387e78]
Event: 1.352 Thread 0x0000023d7b1ff800  164       3       java.lang.StringLatin1::newString (17 bytes)
Event: 1.352 Thread 0x0000023d7b1ff800 nmethod 164 0x0000023d64387f10 code [0x0000023d643880e0, 0x0000023d643883f0]

GC Heap History (0 events):
No events

Deoptimization events (1 events):
Event: 0.356 Thread 0x0000023d57b32800 Uncommon trap: reason=unstable_if action=reinterpret pc=0x0000023d6b885204 method=java.lang.String.hashCode()I @ 22 c2

Classes redefined (3 events):
Event: 194.780 Thread 0x0000023d7b15a800 redefined class name=Main, count=1
Event: 215.026 Thread 0x0000023d7b15a800 redefined class name=Main, count=2
Event: 363.022 Thread 0x0000023d7b15a800 redefined class name=Main, count=3

Internal exceptions (0 events):
No events

Events (10 events):
Event: 363.043 Executing VM operation: GetFrameCount done
Event: 363.044 Executing VM operation: GetFrameLocation
Event: 363.044 Executing VM operation: GetFrameLocation done
Event: 363.236 Executing VM operation: GetFrameCount
Event: 363.236 Executing VM operation: GetFrameCount done
Event: 363.237 Executing VM operation: GetOwnedMonitorInfo
Event: 363.237 Executing VM operation: GetOwnedMonitorInfo done
Event: 363.238 Executing VM operation: GetCurrentContendedMonitor
Event: 363.238 Executing VM operation: GetCurrentContendedMonitor done
Event: 369.444 Executing VM operation: GetOrSetLocal


Dynamic libraries:
0x00007ff63e160000 - 0x00007ff63e19e000 	C:\Program Files\Java\jdk-9.0.1\bin\javaw.exe
0x00007ffdff040000 - 0x00007ffdff221000 	C:\WINDOWS\SYSTEM32\ntdll.dll
0x00007ffdfc4e0000 - 0x00007ffdfc592000 	C:\WINDOWS\System32\KERNEL32.DLL
0x00007ffdfb5b0000 - 0x00007ffdfb823000 	C:\WINDOWS\System32\KERNELBASE.dll
0x00007ffdfea80000 - 0x00007ffdfeb21000 	C:\WINDOWS\System32\ADVAPI32.dll
0x00007ffdfef70000 - 0x00007ffdff00e000 	C:\WINDOWS\System32\msvcrt.dll
0x00007ffdfcc40000 - 0x00007ffdfcc9b000 	C:\WINDOWS\System32\sechost.dll
0x00007ffdfeb30000 - 0x00007ffdfec54000 	C:\WINDOWS\System32\RPCRT4.dll
0x00007ffdfca60000 - 0x00007ffdfcbf0000 	C:\WINDOWS\System32\USER32.dll
0x00007ffdfb830000 - 0x00007ffdfb850000 	C:\WINDOWS\System32\win32u.dll
0x00007ffdfea50000 - 0x00007ffdfea78000 	C:\WINDOWS\System32\GDI32.dll
0x00007ffdfc030000 - 0x00007ffdfc1c2000 	C:\WINDOWS\System32\gdi32full.dll
0x00007ffdfb410000 - 0x00007ffdfb4af000 	C:\WINDOWS\System32\msvcp_win.dll
0x00007ffdfb4b0000 - 0x00007ffdfb5a8000 	C:\WINDOWS\System32\ucrtbase.dll
0x00007ffdf72d0000 - 0x00007ffdf72da000 	C:\WINDOWS\SYSTEM32\VERSION.dll
0x00007ffdeaf60000 - 0x00007ffdeb1c9000 	C:\WINDOWS\WinSxS\amd64_microsoft.windows.common-controls_6595b64144ccf1df_6.0.17134.648_none_fb45a0e93062a6d2\COMCTL32.dll
0x00007ffdfd270000 - 0x00007ffdfd592000 	C:\WINDOWS\System32\combase.dll
0x00007ffdfbfb0000 - 0x00007ffdfc02a000 	C:\WINDOWS\System32\bcryptPrimitives.dll
0x00007ffdfcbf0000 - 0x00007ffdfcc1d000 	C:\WINDOWS\System32\IMM32.DLL
0x00007ffdcb550000 - 0x00007ffdcb63f000 	C:\Program Files\Java\jdk-9.0.1\bin\msvcr120.dll
0x00007ffdd4bd0000 - 0x00007ffdd4c76000 	C:\Program Files\Java\jdk-9.0.1\bin\msvcp120.dll
0x000000006a4d0000 - 0x000000006aef4000 	C:\Program Files\Java\jdk-9.0.1\bin\server\jvm.dll
0x00007ffdfc4d0000 - 0x00007ffdfc4d8000 	C:\WINDOWS\System32\PSAPI.DLL
0x00007ffdf1e50000 - 0x00007ffdf1e73000 	C:\WINDOWS\SYSTEM32\WINMM.dll
0x00007ffde9190000 - 0x00007ffde9199000 	C:\WINDOWS\SYSTEM32\WSOCK32.dll
0x00007ffdfed80000 - 0x00007ffdfedec000 	C:\WINDOWS\System32\WS2_32.dll
0x00007ffdf1d90000 - 0x00007ffdf1dba000 	C:\WINDOWS\SYSTEM32\WINMMBASE.dll
0x00007ffdfb850000 - 0x00007ffdfb899000 	C:\WINDOWS\System32\cfgmgr32.dll
0x00007ffdf7a10000 - 0x00007ffdf7a1f000 	C:\Program Files\Java\jdk-9.0.1\bin\verify.dll
0x00007ffdf7120000 - 0x00007ffdf7147000 	C:\Program Files\Java\jdk-9.0.1\bin\java.dll
0x00007ffdddb30000 - 0x00007ffdddb66000 	C:\Program Files\Java\jdk-9.0.1\bin\jdwp.dll
0x00007ffdf7100000 - 0x00007ffdf7116000 	C:\Program Files\Java\jdk-9.0.1\bin\zip.dll
0x00007ffdf7a00000 - 0x00007ffdf7a0a000 	C:\Program Files\Java\jdk-9.0.1\bin\jimage.dll
0x00007ffdfd5a0000 - 0x00007ffdfe9e0000 	C:\WINDOWS\System32\SHELL32.dll
0x00007ffdfedf0000 - 0x00007ffdfee99000 	C:\WINDOWS\System32\shcore.dll
0x00007ffdfb8a0000 - 0x00007ffdfbfad000 	C:\WINDOWS\System32\windows.storage.dll
0x00007ffdfe9f0000 - 0x00007ffdfea41000 	C:\WINDOWS\System32\shlwapi.dll
0x00007ffdfb3d0000 - 0x00007ffdfb3e1000 	C:\WINDOWS\System32\kernel.appcore.dll
0x00007ffdfb3b0000 - 0x00007ffdfb3cf000 	C:\WINDOWS\System32\profapi.dll
0x00007ffdfb350000 - 0x00007ffdfb39c000 	C:\WINDOWS\System32\powrprof.dll
0x00007ffdfb3a0000 - 0x00007ffdfb3aa000 	C:\WINDOWS\System32\FLTLIB.DLL
0x00007ffdf6ed0000 - 0x00007ffdf6eea000 	C:\Program Files\Java\jdk-9.0.1\bin\net.dll
0x00007ffdf4510000 - 0x00007ffdf45ed000 	C:\WINDOWS\SYSTEM32\WINHTTP.dll
0x00007ffdfabd0000 - 0x00007ffdfac36000 	C:\WINDOWS\system32\mswsock.dll
0x00007ffdf5f60000 - 0x00007ffdf5f71000 	C:\Program Files\Java\jdk-9.0.1\bin\nio.dll
0x00007ffdf80c0000 - 0x00007ffdf80ca000 	C:\Program Files\Java\jdk-9.0.1\bin\dt_socket.dll
0x00007ffdfa9a0000 - 0x00007ffdfaa5e000 	C:\WINDOWS\SYSTEM32\DNSAPI.dll
0x00007ffdfca50000 - 0x00007ffdfca58000 	C:\WINDOWS\System32\NSI.dll
0x00007ffdfa950000 - 0x00007ffdfa988000 	C:\WINDOWS\SYSTEM32\IPHLPAPI.DLL
0x00007ffdf4430000 - 0x00007ffdf44a2000 	C:\WINDOWS\System32\fwpuclnt.dll
0x00007ffdfaeb0000 - 0x00007ffdfaed5000 	C:\WINDOWS\SYSTEM32\bcrypt.dll
0x00007ffdf3f50000 - 0x00007ffdf3f5a000 	C:\Windows\System32\rasadhlp.dll
0x00007ffdf6370000 - 0x00007ffdf6539000 	C:\WINDOWS\SYSTEM32\dbghelp.dll

VM Arguments:
jvm_args: -agentlib:jdwp=transport=dt_socket,suspend=y,address=localhost:3258 -Dfile.encoding=MS949 
java_command: Main
java_class_path (initial): C:\Users\sec\Desktop\πÈ¡ÿ\-02448 ∫∞ ¬Ô±‚ - 11\bin
Launcher Type: SUN_STANDARD

Logging:
Log output configuration:
#0: stdout all=warning uptime,level,tags
#1: stderr all=off uptime,level,tags

Environment Variables:
JAVA_HOME=C:\Program Files\Java\jdk-9.0.1\bin;C:\Program Files\Java\jdk-9.0.1\jre\bin;
PATH=C:/Program Files/Java/jdk-9.0.1/bin/server;C:/Program Files/Java/jdk-9.0.1/bin;C:\Program Files (x86)\Common Files\Oracle\Java\javapath;C:\Program Files (x86)\Intel\iCLS Client\;C:\Program Files\Intel\iCLS Client\;C:\windows\system32;C:\windows;C:\windows\System32\Wbem;C:\windows\System32\WindowsPowerShell\v1.0\;C:\Program Files (x86)\NVIDIA Corporation\PhysX\Common;C:\Program Files\Java\jdk-9.0.1\bin;/bin;C:\WINDOWS\system32;C:\WINDOWS;C:\WINDOWS\System32\Wbem;C:\WINDOWS\System32\WindowsPowerShell\v1.0\;C:\Users\sec\AppData\Roaming\Microsoft\Windows\Start Menu\Programs\Python 3.5;C:\WINDOWS\system32;C:\WINDOWS;C:\WINDOWS\System32\Wbem;C:\WINDOWS\System32\WindowsPowerShell\v1.0\;C:\Program Files\Java\jdk-9.0.1\jre\bin;C:\Program Files (x86)\Intel\Intel(R) Management Engine Components\DAL;C:\Program Files\Intel\Intel(R) Management Engine Components\DAL;C:\Program Files (x86)\Intel\Intel(R) Management Engine Components\IPT;C:\Program Files\Intel\Intel(R) Management Engine Components\IPT;C:\Program Files\Intel\WiFi\bin\;C:\Program Files\Common Files\Intel\WirelessCommon\;C:\WINDOWS\System32\OpenSSH\;C:\Program Files\Git\cmd;C:\Users\sec\AppData\Local\Programs\Python\Python37\Scripts\;C:\Users\sec\AppData\Local\Programs\Python\Python37\;C:\Users\sec\AppData\Local\Microsoft\WindowsApps;C:\Program Files\Intel\WiFi\bin\;C:\Program Files\Common Files\Intel\WirelessCommon\;C:\Users\sec\AppData\Local\atom\bin;C:\Program Files\JetBrains\IntelliJ IDEA 2018.3.5\bin;;C:\WINDOWS\system32;
USERNAME=sec
OS=Windows_NT
PROCESSOR_IDENTIFIER=Intel64 Family 6 Model 78 Stepping 3, GenuineIntel



---------------  S Y S T E M  ---------------

OS: Windows 10 , 64 bit Build 17134 (10.0.17134.648)

CPU:total 4 (initial active 4) (2 cores per cpu, 2 threads per core) family 6 model 78 stepping 3, cmov, cx8, fxsr, mmx, sse, sse2, sse3, ssse3, sse4.1, sse4.2, popcnt, avx, avx2, aes, clmul, erms, 3dnowpref, lzcnt, ht, tsc, tscinvbit, bmi1, bmi2, adx, fma

Memory: 4k page, physical 8304532k(3594564k free), swap 9615252k(3153600k free)

vm_info: Java HotSpot(TM) 64-Bit Server VM (9.0.1+11) for windows-amd64 JRE (9.0.1+11), built on Sep 28 2017 04:54:03 by "mach5one" with MS VC++ 12.0 (VS2013)

END.
